radiosdklib/build/outputs/logs/manifest-merger-debug-report.txt
-- Merging decision tree log ---
manifest
ADDED from src\main\AndroidManifest.xml:2:1-74:12
INJECTED from src\main\AndroidManifest.xml:2:1-74:12
INJECTED from src\main\AndroidManifest.xml:2:1-74:12
INJECTED from src\main\AndroidManifest.xml:2:1-74:12
INJECTED from src\main\AndroidManifest.xml:2:1-74:12
INJECTED from src\main\AndroidManifest.xml:2:1-74:12
INJECTED from src\main\AndroidManifest.xml:2:1-74:12
	package
		ADDED from src\main\AndroidManifest.xml:4:5-39
		INJECTED from src\main\AndroidManifest.xml
		INJECTED from src\main\AndroidManifest.xml
	android:versionName
		INJECTED from src\main\AndroidManifest.xml
		ADDED from src\main\AndroidManifest.xml:2:1-74:12
		INJECTED from src\main\AndroidManifest.xml
	xmlns:tools
		ADDED from src\main\AndroidManifest.xml:3:5-51
	android:versionCode
		INJECTED from src\main\AndroidManifest.xml
		ADDED from src\main\AndroidManifest.xml:2:1-74:12
		INJECTED from src\main\AndroidManifest.xml
	xmlns:android
		ADDED from src\main\AndroidManifest.xml:2:11-69
uses-feature#0x00020000
ADDED from src\main\AndroidManifest.xml:6:5-8:35
	android:glEsVersion
		ADDED from src\main\AndroidManifest.xml:7:9-41
	android:required
		ADDED from src\main\AndroidManifest.xml:8:9-32
uses-feature#android.hardware.telephony
ADDED from src\main\AndroidManifest.xml:9:5-11:36
	android:required
		ADDED from src\main\AndroidManifest.xml:11:9-33
	android:name
		ADDED from src\main\AndroidManifest.xml:10:9-50
uses-permission#android.permission.INTERNET
ADDED from src\main\AndroidManifest.xml:13:5-67
	android:name
		ADDED from src\main\AndroidManifest.xml:13:22-64
uses-permission#android.permission.ACCESS_NETWORK_STATE
ADDED from src\main\AndroidManifest.xml:14:5-79
	android:name
		ADDED from src\main\AndroidManifest.xml:14:22-76
uses-permission#android.permission.ACCESS_WIFI_STATE
ADDED from src\main\AndroidManifest.xml:15:5-76
	android:name
		ADDED from src\main\AndroidManifest.xml:15:22-73
uses-permission#android.permission.READ_PHONE_STATE
ADDED from src\main\AndroidManifest.xml:16:5-75
	android:name
		ADDED from src\main\AndroidManifest.xml:16:22-72
uses-permission#android.permission.WRITE_EXTERNAL_STORAGE
ADDED from src\main\AndroidManifest.xml:22:5-81
	android:name
		ADDED from src\main\AndroidManifest.xml:22:22-78
uses-permission#android.permission.READ_EXTERNAL_STORAGE
ADDED from src\main\AndroidManifest.xml:23:5-80
	android:name
		ADDED from src\main\AndroidManifest.xml:23:22-77
uses-permission#android.permission.WRITE_SETTINGS
ADDED from src\main\AndroidManifest.xml:25:5-27:47
	tools:ignore
		ADDED from src\main\AndroidManifest.xml:27:9-44
	android:name
		ADDED from src\main\AndroidManifest.xml:26:9-57
uses-permission#android.permission.CHANGE_CONFIGURATION
ADDED from src\main\AndroidManifest.xml:28:5-30:47
	tools:ignore
		ADDED from src\main\AndroidManifest.xml:30:9-44
	android:name
		ADDED from src\main\AndroidManifest.xml:29:9-63
uses-permission#android.permission.MODIFY_AUDIO_SETTINGS
ADDED from src\main\AndroidManifest.xml:31:5-80
	android:name
		ADDED from src\main\AndroidManifest.xml:31:22-77
uses-permission#com.android.vending.BILLING
ADDED from src\main\AndroidManifest.xml:32:5-67
	android:name
		ADDED from src\main\AndroidManifest.xml:32:22-64
uses-permission#android.permission.FOREGROUND_SERVICE
ADDED from src\main\AndroidManifest.xml:33:5-77
	android:name
		ADDED from src\main\AndroidManifest.xml:33:22-74
application
ADDED from src\main\AndroidManifest.xml:35:5-72:19
activity#com.shemaroo.radiosdklib.activity.PlayerActivity
ADDED from src\main\AndroidManifest.xml:36:9-38:59
	android:theme
		ADDED from src\main\AndroidManifest.xml:38:13-56
	android:name
		ADDED from src\main\AndroidManifest.xml:37:13-52
service#com.shemaroo.radiosdklib.mediaplayer.SongService
ADDED from src\main\AndroidManifest.xml:40:9-48:19
	android:enabled
		ADDED from src\main\AndroidManifest.xml:42:13-35
	android:exported
		ADDED from src\main\AndroidManifest.xml:43:13-36
	android:stopWithTask
		ADDED from src\main\AndroidManifest.xml:44:13-41
	android:name
		ADDED from src\main\AndroidManifest.xml:41:13-52
intent-filter#action:name:android.media.AUDIO_BECOMING_NOISY
ADDED from src\main\AndroidManifest.xml:45:13-47:29
action#android.media.AUDIO_BECOMING_NOISY
ADDED from src\main\AndroidManifest.xml:46:17-77
	android:name
		ADDED from src\main\AndroidManifest.xml:46:25-74
receiver#com.shemaroo.radiosdklib.receivers.NotificationBroadcast
ADDED from src\main\AndroidManifest.xml:50:9-63:20
	android:exported
		ADDED from src\main\AndroidManifest.xml:52:13-37
	android:name
		ADDED from src\main\AndroidManifest.xml:51:13-60
intent-filter#action:name:android.intent.action.MEDIA_BUTTON+action:name:android.media.AUDIO_BECOMING_NOISY+action:name:com.shemaroo.shemmusicapp.delete+action:name:com.shemaroo.shemmusicapp.next+action:name:com.shemaroo.shemmusicapp.pause+action:name:com.shemaroo.shemmusicapp.play+action:name:com.shemaroo.shemmusicapp.previous+action:name:com.shemaroo.shemmusicapp.thumbnail
ADDED from src\main\AndroidManifest.xml:53:13-62:29
action#com.shemaroo.shemmusicapp.delete
ADDED from src\main\AndroidManifest.xml:54:17-75
	android:name
		ADDED from src\main\AndroidManifest.xml:54:25-72
action#com.shemaroo.shemmusicapp.pause
ADDED from src\main\AndroidManifest.xml:55:17-74
	android:name
		ADDED from src\main\AndroidManifest.xml:55:25-71
action#com.shemaroo.shemmusicapp.next
ADDED from src\main\AndroidManifest.xml:56:17-73
	android:name
		ADDED from src\main\AndroidManifest.xml:56:25-70
action#com.shemaroo.shemmusicapp.play
ADDED from src\main\AndroidManifest.xml:57:17-73
	android:name
		ADDED from src\main\AndroidManifest.xml:57:25-70
action#com.shemaroo.shemmusicapp.previous
ADDED from src\main\AndroidManifest.xml:58:17-77
	android:name
		ADDED from src\main\AndroidManifest.xml:58:25-74
action#com.shemaroo.shemmusicapp.thumbnail
ADDED from src\main\AndroidManifest.xml:59:17-78
	android:name
		ADDED from src\main\AndroidManifest.xml:59:25-75
action#android.intent.action.MEDIA_BUTTON
ADDED from src\main\AndroidManifest.xml:60:17-77
	android:name
		ADDED from src\main\AndroidManifest.xml:60:25-74
uses-sdk
INJECTED from src\main\AndroidManifest.xml reason: use-sdk injection requested
INJECTED from src\main\AndroidManifest.xml
INJECTED from src\main\AndroidManifest.xml
INJECTED from src\main\AndroidManifest.xml
INJECTED from src\main\AndroidManifest.xml
	android:targetSdkVersion
		INJECTED from src\main\AndroidManifest.xml
		ADDED from src\main\AndroidManifest.xml
		INJECTED from src\main\AndroidManifest.xml
	android:minSdkVersion
		INJECTED from src\main\AndroidManifest.xml
		ADDED from src\main\AndroidManifest.xml
		INJECTED from src\main\AndroidManifest.xml